<?xml version="1.0" encoding="UTF-8"?>
<!-- Generated by org.testng.reporters.JUnitReportReporter -->
<testsuite skipped="0" hostname="nitin-PC" name="POMsaucedemopractice.TestNG1" tests="1" failures="0" timestamp="2022-04-14T18:34:10 IST" time="0.007" errors="0">
  <testcase name="verifiyloginfunctionality" time="0.007" classname="POMsaucedemopractice.TestNG1"/>
  <system-out/>
</testsuite> <!-- POMsaucedemopractice.TestNG1 -->
