<?xml version="1.0" encoding="UTF-8"?>
<!-- Generated by org.testng.reporters.JUnitReportReporter -->
<testsuite skipped="0" hostname="nitin-PC" name="Com.sauceDemo.Testclass.TestNG" tests="1" failures="0" timestamp="2022-04-14T18:34:10 IST" time="0.045" errors="0">
  <testcase name="method1" time="0.045" classname="Com.sauceDemo.Testclass.TestNG"/>
  <system-out/>
</testsuite> <!-- Com.sauceDemo.Testclass.TestNG -->
